<?xml version="1.0" encoding="UTF-8"?>
<!-- Generated by org.testng.reporters.JUnitReportReporter -->
<testsuite hostname="magnur" failures="0" tests="2" name="Sample.ProductsTest" time="0.028" errors="0" timestamp="2022-07-13T17:12:26 IST" skipped="0">
  <testcase classname="Sample.ProductsTest" name="createProductTest" time="0.025"/>
  <system-out/>
  <testcase classname="Sample.ProductsTest" name="editProductTest" time="0.003"/>
  <system-out/>
</testsuite> <!-- Sample.ProductsTest -->
