<?xml version="1.0" encoding="UTF-8"?>
<!-- Generated by org.testng.reporters.JUnitReportReporter -->
<testsuite hostname="magnur" failures="0" tests="2" name="Sample.OrganizationTest" time="0.034" errors="0" timestamp="2022-07-13T17:12:02 IST" skipped="0">
  <testcase classname="Sample.OrganizationTest" name="createOrganization" time="0.025"/>
  <system-out/>
  <testcase classname="Sample.OrganizationTest" name="editOrganization" time="0.009"/>
  <system-out/>
</testsuite> <!-- Sample.OrganizationTest -->
